<?xml version="1.0" encoding="UTF-8"?>
<!-- Generated by org.testng.reporters.JUnitReportReporter -->
<testsuite hostname="Mickey" failures="0" tests="1" name="com.hackathon.hcl.Acres_Syntax_Squad.tests.PropertySearchTest" time="17.213" errors="0" timestamp="2026-05-25T14:41:02 IST" skipped="0">
  <testcase classname="com.hackathon.hcl.Acres_Syntax_Squad.tests.PropertySearchTest" name="testPropertySearchFlow" time="17.213"/>
</testsuite> <!-- com.hackathon.hcl.Acres_Syntax_Squad.tests.PropertySearchTest -->
